=== Tekton Vision perceptual read for Tier C #2 nudges ===
Started: 2026-06-19 10:56:10
Endpoint: https://psifunctiondev--tekton-vision-tektonvision-web.modal.run/v1/chat/completions


=== Tekton Vision per-cell read: DS-0.1 ===
  POST https://psifunctiondev--tekton-vision-tektonvision-web.modal.run/v1/chat/completions (attempt 1/4)...
  attempt 1 failed: HTTPSConnectionPool(host='psifunctiondev--tekton-vision-tektonvision-web.modal.run', port=443): Read timed out. (read timeout=30)
  sleeping 2s before retry...
  POST https://psifunctiondev--tekton-vision-tektonvision-web.modal.run/v1/chat/completions (attempt 2/4)...
  attempt 2 failed: HTTPSConnectionPool(host='psifunctiondev--tekton-vision-tektonvision-web.modal.run', port=443): Read timed out. (read timeout=30)
  sleeping 5s before retry...
  POST https://psifunctiondev--tekton-vision-tektonvision-web.modal.run/v1/chat/completions (attempt 3/4)...
  attempt 3 failed: HTTPSConnectionPool(host='psifunctiondev--tekton-vision-tektonvision-web.modal.run', port=443): Read timed out. (read timeout=30)
  sleeping 15s before retry...
  POST https://psifunctiondev--tekton-vision-tektonvision-web.modal.run/v1/chat/completions (attempt 4/4)...
  attempt 4 failed: HTTPSConnectionPool(host='psifunctiondev--tekton-vision-tektonvision-web.modal.run', port=443): Read timed out. (read timeout=30)

=== Tekton Vision per-cell read: DS-0.2 ===
  POST https://psifunctiondev--tekton-vision-tektonvision-web.modal.run/v1/chat/completions (attempt 1/4)...
  ok in 10.2s, 616 chars

=== Tekton Vision per-cell read: DS-0.4 ===
  POST https://psifunctiondev--tekton-vision-tektonvision-web.modal.run/v1/chat/completions (attempt 1/4)...
  ok in 19.4s, 1428 chars

=== Tekton Vision overall read ===
  POST https://psifunctiondev--tekton-vision-tektonvision-web.modal.run/v1/chat/completions (attempt 1/4)...
  ok in 16.5s, 1467 chars

Wrote /Users/doxa/.openclaw/workspace/trurender_endpoint/outputs/tier_c_2_nudges/perceptual_notes.md
Finished: 2026-06-19 10:59:37
